warning: 'stockplanbackend': dependency 'console-kit' is not used by any target
[0/3] Write swift-version--58304C5D6DBC2206.txt
[1/4] Compiling _NumericsShims _NumericsShims.c
[2/11] Compiling writer.c
[3/11] Compiling reader.c
[4/11] Compiling parser.c
[5/11] Compiling api.c
[6/11] Compiling emitter.c
[7/11] Compiling scanner.c
[8/11] Write Objects.LinkFileList
[9/11] Linking swift-openapi-generator-tool
[10/11] Applying swift-openapi-generator-tool
warning: 'swift-openapi-runtime': found 1 file(s) which are unhandled; explicitly declare them as resources or exclude from the target
    /Users/fernando_idwell/Projects/StockProject/StockPlanBackend/.build/checkouts/swift-openapi-runtime/Sources/OpenAPIRuntime/Interface/SendableMetatype.swift.sb-416b0441-1Re2VV
[0/1] Planning build
Building for debugging...
[0/3] Write swift-version--58304C5D6DBC2206.txt
[2/4] Emitting module StockPlanShared
[2/8] Compiling _NumericsShims _NumericsShims.c
[3/15] Compiling writer.c
[4/15] Compiling reader.c
[5/15] Compiling parser.c
[6/15] Compiling api.c
[7/15] Compiling emitter.c
[8/15] Compiling scanner.c
[9/15] Write Objects.LinkFileList
[10/15] Linking swift-openapi-generator-tool
Swift OpenAPI Generator is running with the following configuration:
- OpenAPI document path: /Users/fernando_idwell/Projects/StockProject/StockPlanBackend/Sources/StockPlanBackend/openapi.yaml
- Configuration path: /Users/fernando_idwell/Projects/StockProject/StockPlanBackend/Sources/StockPlanBackend/openapi-generator-config.yaml
- Generator modes: types, server
- Access modifier: internal
- Naming strategy: idiomatic
- Name overrides: <none>
- Type overrides: <none>
- Feature flags: <none>
- Output file names: Types.swift, Server.swift
- Output directory: /Users/fernando_idwell/Projects/StockProject/StockPlanBackend/.build/plugins/outputs/stockplanbackend/StockPlanBackend/destination/OpenAPIGenerator/GeneratedSources
- Diagnostics output path: <none - logs to stderr>
- Current directory: /Users/fernando_idwell/Projects/StockProject/StockPlanBackend
- Plugin source: build
- Is dry run: false
- Additional imports: <none>
- Additional file comments: <none>File Server.swift already up to date.
File Types.swift already up to date.
File Client.swift already up to date.
[11/15] Running swift-openapi-generator
[13/15] Emitting module StockPlanBackend
/Users/fernando_idwell/Projects/StockProject/StockPlanBackend/Sources/StockPlanBackend/Migrations/AddNewsViewedActivityType.swift:8:14: warning: result of call to 'update()' is unused [#no-usage]
 6 |         try await database.enum("user_activity_type")
 7 |             .case("news_viewed")
 8 |             .update()
   |              `- warning: result of call to 'update()' is unused [#no-usage]
 9 |     }
10 | 

/Users/fernando_idwell/Projects/StockProject/StockPlanBackend/Sources/StockPlanBackend/Migrations/AddNewsViewedActivityType.swift:14:14: warning: result of call to 'update()' is unused [#no-usage]
12 |         try await database.enum("user_activity_type")
13 |             .deleteCase("news_viewed")
14 |             .update()
   |              `- warning: result of call to 'update()' is unused [#no-usage]
15 |     }
16 | }
Build of product 'StockPlanBackend' complete! (25.66s)
[ WARNING ] Apple OAuth is disabled. Configure OAUTH_APPLE_CLIENT_ID, OAUTH_APPLE_TEAM_ID, OAUTH_APPLE_KEY_ID, and OAUTH_APPLE_PRIVATE_KEY.
[ WARNING ] Google OAuth is disabled. Configure OAUTH_GOOGLE_CLIENT_ID and OAUTH_GOOGLE_CLIENT_SECRET.
[ WARNING ] X OAuth is disabled. Configure OAUTH_X_CLIENT_ID (and optionally OAUTH_X_CLIENT_SECRET).
[ NOTICE ] Server started on http://127.0.0.1:8080
